[0.821s] DEBUG:colcon:Command line arguments: ['/usr/bin/colcon', 'build']
[0.821s] DEBUG:colcon:Parsed command line arguments: Namespace(log_base=None, log_level=None, verb_name='build', build_base='build', install_base='install', merge_install=False, symlink_install=False, test_result_base=None, continue_on_error=False, executor='parallel', parallel_workers=8, event_handlers=None, ignore_user_meta=False, metas=['./colcon.meta'], base_paths=['.'], packages_ignore=None, packages_ignore_regex=None, paths=None, packages_up_to=None, packages_up_to_regex=None, packages_above=None, packages_above_and_dependencies=None, packages_above_depth=None, packages_select_by_dep=None, packages_skip_by_dep=None, packages_skip_up_to=None, packages_select_build_failed=False, packages_skip_build_finished=False, packages_select_test_failures=False, packages_skip_test_passed=False, packages_select=None, packages_skip=None, packages_select_regex=None, packages_skip_regex=None, packages_start=None, packages_end=None, allow_overriding=[], cmake_args=None, cmake_target=None, cmake_target_skip_unavailable=False, cmake_clean_cache=False, cmake_clean_first=False, cmake_force_configure=False, ament_cmake_args=None, catkin_cmake_args=None, catkin_skip_building_tests=False, mixin_files=None, mixin=None, verb_parser=<colcon_mixin.mixin.mixin_argument.MixinArgumentDecorator object at 0x735077f59450>, verb_extension=<colcon_core.verb.build.BuildVerb object at 0x7350780d7970>, main=<bound method BuildVerb.main of <colcon_core.verb.build.BuildVerb object at 0x7350780d7970>>, mixin_verb=('build',))
[1.481s] Level 1:colcon.colcon_core.package_discovery:discover_packages(colcon_meta) check parameters
[1.481s] Level 1:colcon.colcon_core.package_discovery:discover_packages(recursive) check parameters
[1.481s] Level 1:colcon.colcon_core.package_discovery:discover_packages(ignore) check parameters
[1.481s] Level 1:colcon.colcon_core.package_discovery:discover_packages(path) check parameters
[1.481s] Level 1:colcon.colcon_core.package_discovery:discover_packages(colcon_meta) discover
[1.482s] Level 1:colcon.colcon_core.package_discovery:discover_packages(recursive) discover
[1.482s] INFO:colcon.colcon_core.package_discovery:Crawling recursively for packages in '/home/lrs/ros2_ws'
[1.482s] Level 1:colcon.colcon_core.package_identification:_identify(.) by extensions ['ignore', 'ignore_ament_install']
[1.482s] Level 1:colcon.colcon_core.package_identification:_identify(.) by extension 'ignore'
[1.483s] Level 1:colcon.colcon_core.package_identification:_identify(.) by extension 'ignore_ament_install'
[1.483s] Level 1:colcon.colcon_core.package_identification:_identify(.) by extensions ['colcon_pkg']
[1.483s] Level 1:colcon.colcon_core.package_identification:_identify(.) by extension 'colcon_pkg'
[1.483s] Level 1:colcon.colcon_core.package_identification:_identify(.) by extensions ['colcon_meta']
[1.483s] Level 1:colcon.colcon_core.package_identification:_identify(.) by extension 'colcon_meta'
[1.484s] Level 1:colcon.colcon_core.package_identification:_identify(.) by extensions ['ros']
[1.484s] Level 1:colcon.colcon_core.package_identification:_identify(.) by extension 'ros'
[1.536s] DEBUG:colcon.colcon_core.package_identification:Package '.' with type 'ros.ament_cmake' and name 'lrs_mission'
[1.536s] Level 1:colcon.colcon_core.package_discovery:discover_packages(recursive) using defaults
[1.536s] Level 1:colcon.colcon_core.package_discovery:discover_packages(ignore) discover
[1.536s] Level 1:colcon.colcon_core.package_discovery:discover_packages(ignore) using defaults
[1.536s] Level 1:colcon.colcon_core.package_discovery:discover_packages(path) discover
[1.536s] Level 1:colcon.colcon_core.package_discovery:discover_packages(path) using defaults
[1.588s] Level 1:colcon.colcon_core.package_discovery:discover_packages(prefix_path) check parameters
[1.588s] Level 1:colcon.colcon_core.package_discovery:discover_packages(prefix_path) discover
[1.595s] DEBUG:colcon.colcon_installed_package_information.package_discovery:Found 1 installed packages in /home/lrs/ros2_ws/install
[1.597s] DEBUG:colcon.colcon_installed_package_information.package_discovery:Found 293 installed packages in /opt/ros/humble
[1.598s] Level 1:colcon.colcon_core.package_discovery:discover_packages(prefix_path) using defaults
[1.639s] Level 5:colcon.colcon_core.verb:set package 'lrs_mission' build argument 'cmake_args' from command line to 'None'
[1.639s] Level 5:colcon.colcon_core.verb:set package 'lrs_mission' build argument 'cmake_target' from command line to 'None'
[1.639s] Level 5:colcon.colcon_core.verb:set package 'lrs_mission' build argument 'cmake_target_skip_unavailable' from command line to 'False'
[1.639s] Level 5:colcon.colcon_core.verb:set package 'lrs_mission' build argument 'cmake_clean_cache' from command line to 'False'
[1.639s] Level 5:colcon.colcon_core.verb:set package 'lrs_mission' build argument 'cmake_clean_first' from command line to 'False'
[1.639s] Level 5:colcon.colcon_core.verb:set package 'lrs_mission' build argument 'cmake_force_configure' from command line to 'False'
[1.639s] Level 5:colcon.colcon_core.verb:set package 'lrs_mission' build argument 'ament_cmake_args' from command line to 'None'
[1.639s] Level 5:colcon.colcon_core.verb:set package 'lrs_mission' build argument 'catkin_cmake_args' from command line to 'None'
[1.639s] Level 5:colcon.colcon_core.verb:set package 'lrs_mission' build argument 'catkin_skip_building_tests' from command line to 'False'
[1.639s] DEBUG:colcon.colcon_core.verb:Building package 'lrs_mission' with the following arguments: {'ament_cmake_args': None, 'build_base': '/home/lrs/ros2_ws/build/lrs_mission', 'catkin_cmake_args': None, 'catkin_skip_building_tests': False, 'cmake_args': None, 'cmake_clean_cache': False, 'cmake_clean_first': False, 'cmake_force_configure': False, 'cmake_target': None, 'cmake_target_skip_unavailable': False, 'install_base': '/home/lrs/ros2_ws/install/lrs_mission', 'merge_install': False, 'path': '/home/lrs/ros2_ws', 'symlink_install': False, 'test_result_base': None}
[1.639s] INFO:colcon.colcon_core.executor:Executing jobs using 'parallel' executor
[1.640s] DEBUG:colcon.colcon_parallel_executor.executor.parallel:run_until_complete
[1.640s] INFO:colcon.colcon_ros.task.ament_cmake.build:Building ROS package in '/home/lrs/ros2_ws' with build type 'ament_cmake'
[1.640s] INFO:colcon.colcon_cmake.task.cmake.build:Building CMake package in '/home/lrs/ros2_ws'
[1.651s] INFO:colcon.colcon_core.plugin_system:Skipping extension 'colcon_core.shell.bat': Not used on non-Windows systems
[1.651s] INFO:colcon.colcon_core.shell:Skip shell extension 'powershell' for command environment: Not usable outside of PowerShell
[1.651s] DEBUG:colcon.colcon_core.shell:Skip shell extension 'dsv' for command environment
[1.657s] DEBUG:colcon.colcon_core.event_handler.log_command:Invoking command in '/home/lrs/ros2_ws/build/lrs_mission': CMAKE_PREFIX_PATH=${CMAKE_PREFIX_PATH}:/opt/ros/humble /usr/bin/cmake /home/lrs/ros2_ws -DCMAKE_INSTALL_PREFIX=/home/lrs/ros2_ws/install/lrs_mission
[4.369s] DEBUG:colcon.colcon_core.event_handler.log_command:Invoked command in '/home/lrs/ros2_ws/build/lrs_mission' returned '0': CMAKE_PREFIX_PATH=${CMAKE_PREFIX_PATH}:/opt/ros/humble /usr/bin/cmake /home/lrs/ros2_ws -DCMAKE_INSTALL_PREFIX=/home/lrs/ros2_ws/install/lrs_mission
[4.370s] DEBUG:colcon.colcon_core.event_handler.log_command:Invoking command in '/home/lrs/ros2_ws/build/lrs_mission': CMAKE_PREFIX_PATH=${CMAKE_PREFIX_PATH}:/opt/ros/humble /usr/bin/cmake --build /home/lrs/ros2_ws/build/lrs_mission -- -j8 -l8
[5.925s] DEBUG:colcon.colcon_core.event_handler.log_command:Invoked command in '/home/lrs/ros2_ws/build/lrs_mission' returned '0': CMAKE_PREFIX_PATH=${CMAKE_PREFIX_PATH}:/opt/ros/humble /usr/bin/cmake --build /home/lrs/ros2_ws/build/lrs_mission -- -j8 -l8
[5.934s] DEBUG:colcon.colcon_core.event_handler.log_command:Invoking command in '/home/lrs/ros2_ws/build/lrs_mission': CMAKE_PREFIX_PATH=${CMAKE_PREFIX_PATH}:/opt/ros/humble /usr/bin/cmake --install /home/lrs/ros2_ws/build/lrs_mission
[5.954s] Level 1:colcon.colcon_core.environment:create_environment_scripts_only(lrs_mission)
[5.954s] DEBUG:colcon.colcon_core.event_handler.log_command:Invoked command in '/home/lrs/ros2_ws/build/lrs_mission' returned '0': CMAKE_PREFIX_PATH=${CMAKE_PREFIX_PATH}:/opt/ros/humble /usr/bin/cmake --install /home/lrs/ros2_ws/build/lrs_mission
[5.968s] Level 1:colcon.colcon_core.environment:checking '/home/lrs/ros2_ws/install/lrs_mission' for CMake module files
[5.969s] Level 1:colcon.colcon_core.environment:checking '/home/lrs/ros2_ws/install/lrs_mission' for CMake config files
[5.969s] Level 1:colcon.colcon_core.shell:create_environment_hook('lrs_mission', 'cmake_prefix_path')
[5.969s] INFO:colcon.colcon_core.shell:Creating environment hook '/home/lrs/ros2_ws/install/lrs_mission/share/lrs_mission/hook/cmake_prefix_path.ps1'
[5.971s] INFO:colcon.colcon_core.shell:Creating environment descriptor '/home/lrs/ros2_ws/install/lrs_mission/share/lrs_mission/hook/cmake_prefix_path.dsv'
[5.973s] INFO:colcon.colcon_core.shell:Creating environment hook '/home/lrs/ros2_ws/install/lrs_mission/share/lrs_mission/hook/cmake_prefix_path.sh'
[5.974s] Level 1:colcon.colcon_core.environment:checking '/home/lrs/ros2_ws/install/lrs_mission/lib'
[5.974s] Level 1:colcon.colcon_core.environment:checking '/home/lrs/ros2_ws/install/lrs_mission/bin'
[5.974s] Level 1:colcon.colcon_core.environment:checking '/home/lrs/ros2_ws/install/lrs_mission/lib/pkgconfig/lrs_mission.pc'
[5.975s] Level 1:colcon.colcon_core.environment:checking '/home/lrs/ros2_ws/install/lrs_mission/lib/python3.10/site-packages'
[5.975s] Level 1:colcon.colcon_core.environment:checking '/home/lrs/ros2_ws/install/lrs_mission/bin'
[5.975s] INFO:colcon.colcon_core.shell:Creating package script '/home/lrs/ros2_ws/install/lrs_mission/share/lrs_mission/package.ps1'
[5.976s] INFO:colcon.colcon_core.shell:Creating package descriptor '/home/lrs/ros2_ws/install/lrs_mission/share/lrs_mission/package.dsv'
[5.978s] INFO:colcon.colcon_core.shell:Creating package script '/home/lrs/ros2_ws/install/lrs_mission/share/lrs_mission/package.sh'
[5.979s] INFO:colcon.colcon_core.shell:Creating package script '/home/lrs/ros2_ws/install/lrs_mission/share/lrs_mission/package.bash'
[5.981s] INFO:colcon.colcon_core.shell:Creating package script '/home/lrs/ros2_ws/install/lrs_mission/share/lrs_mission/package.zsh'
[5.983s] Level 1:colcon.colcon_core.environment:create_file_with_runtime_dependencies(/home/lrs/ros2_ws/install/lrs_mission/share/colcon-core/packages/lrs_mission)
[5.984s] Level 1:colcon.colcon_core.environment:create_environment_scripts_only(lrs_mission)
[5.984s] Level 1:colcon.colcon_core.environment:checking '/home/lrs/ros2_ws/install/lrs_mission' for CMake module files
[5.985s] Level 1:colcon.colcon_core.environment:checking '/home/lrs/ros2_ws/install/lrs_mission' for CMake config files
[5.985s] Level 1:colcon.colcon_core.shell:create_environment_hook('lrs_mission', 'cmake_prefix_path')
[5.985s] INFO:colcon.colcon_core.shell:Creating environment hook '/home/lrs/ros2_ws/install/lrs_mission/share/lrs_mission/hook/cmake_prefix_path.ps1'
[5.985s] INFO:colcon.colcon_core.shell:Creating environment descriptor '/home/lrs/ros2_ws/install/lrs_mission/share/lrs_mission/hook/cmake_prefix_path.dsv'
[5.986s] INFO:colcon.colcon_core.shell:Creating environment hook '/home/lrs/ros2_ws/install/lrs_mission/share/lrs_mission/hook/cmake_prefix_path.sh'
[5.987s] Level 1:colcon.colcon_core.environment:checking '/home/lrs/ros2_ws/install/lrs_mission/lib'
[5.987s] Level 1:colcon.colcon_core.environment:checking '/home/lrs/ros2_ws/install/lrs_mission/bin'
[5.987s] Level 1:colcon.colcon_core.environment:checking '/home/lrs/ros2_ws/install/lrs_mission/lib/pkgconfig/lrs_mission.pc'
[5.987s] Level 1:colcon.colcon_core.environment:checking '/home/lrs/ros2_ws/install/lrs_mission/lib/python3.10/site-packages'
[5.987s] Level 1:colcon.colcon_core.environment:checking '/home/lrs/ros2_ws/install/lrs_mission/bin'
[5.987s] INFO:colcon.colcon_core.shell:Creating package script '/home/lrs/ros2_ws/install/lrs_mission/share/lrs_mission/package.ps1'
[5.988s] INFO:colcon.colcon_core.shell:Creating package descriptor '/home/lrs/ros2_ws/install/lrs_mission/share/lrs_mission/package.dsv'
[5.988s] INFO:colcon.colcon_core.shell:Creating package script '/home/lrs/ros2_ws/install/lrs_mission/share/lrs_mission/package.sh'
[5.989s] INFO:colcon.colcon_core.shell:Creating package script '/home/lrs/ros2_ws/install/lrs_mission/share/lrs_mission/package.bash'
[5.989s] INFO:colcon.colcon_core.shell:Creating package script '/home/lrs/ros2_ws/install/lrs_mission/share/lrs_mission/package.zsh'
[5.990s] Level 1:colcon.colcon_core.environment:create_file_with_runtime_dependencies(/home/lrs/ros2_ws/install/lrs_mission/share/colcon-core/packages/lrs_mission)
[5.991s] DEBUG:colcon.colcon_parallel_executor.executor.parallel:closing loop
[5.991s] DEBUG:colcon.colcon_parallel_executor.executor.parallel:loop closed
[5.991s] DEBUG:colcon.colcon_parallel_executor.executor.parallel:run_until_complete finished with '0'
[5.991s] DEBUG:colcon.colcon_core.event_reactor:joining thread
[5.999s] INFO:colcon.colcon_core.plugin_system:Skipping extension 'colcon_notification.desktop_notification.terminal_notifier': Not used on non-Darwin systems
[5.999s] INFO:colcon.colcon_core.plugin_system:Skipping extension 'colcon_notification.desktop_notification.win32': Not used on non-Windows systems
[5.999s] INFO:colcon.colcon_notification.desktop_notification:Sending desktop notification using 'notify2'
[6.019s] DEBUG:colcon.colcon_core.event_reactor:joined thread
[6.019s] INFO:colcon.colcon_core.shell:Creating prefix script '/home/lrs/ros2_ws/install/local_setup.ps1'
[6.021s] INFO:colcon.colcon_core.shell:Creating prefix util module '/home/lrs/ros2_ws/install/_local_setup_util_ps1.py'
[6.024s] INFO:colcon.colcon_core.shell:Creating prefix chain script '/home/lrs/ros2_ws/install/setup.ps1'
[6.025s] INFO:colcon.colcon_core.shell:Creating prefix script '/home/lrs/ros2_ws/install/local_setup.sh'
[6.027s] INFO:colcon.colcon_core.shell:Creating prefix util module '/home/lrs/ros2_ws/install/_local_setup_util_sh.py'
[6.028s] INFO:colcon.colcon_core.shell:Creating prefix chain script '/home/lrs/ros2_ws/install/setup.sh'
[6.030s] INFO:colcon.colcon_core.shell:Creating prefix script '/home/lrs/ros2_ws/install/local_setup.bash'
[6.031s] INFO:colcon.colcon_core.shell:Creating prefix chain script '/home/lrs/ros2_ws/install/setup.bash'
[6.033s] INFO:colcon.colcon_core.shell:Creating prefix script '/home/lrs/ros2_ws/install/local_setup.zsh'
[6.039s] INFO:colcon.colcon_core.shell:Creating prefix chain script '/home/lrs/ros2_ws/install/setup.zsh'
